[    0.00000]niiializin coup susy cuset
[   .00000Initializg grp ubsyspu
[  000000Initiliin cgroup subsys cpuacct
[   00000] nux rson 4..035-gnec (buldd@cy1-am64020) (cc version 5.4.0 20160609 (Ubuntu 5.4.0-6ubuntu1~16.4.0) ) 61Ubunu MPMon ug27105:1 UTC20 (Ubun 44.0-15.11-ener 44.140)
[   .0000 Commad in: BOOIMAGE=/botvmnuz-.4.0-35geneicroot=LBEL=loimg-rofsro cnse=ttycosolett0
[    .0000]ERELsuorted cps:
[  0.0000  Int GnuinInl
[  00000]  AMDutentcA
[    0.000]   Ceta Cenuraus[   0.00000] x86/fpu: xstate_ffet[2] 56, xste_sizs[]:256
  0.00000]86/fpuSuporting XSAVE feature 01 'x8flatin pnt registes'
[    0.000] x86/fpu: Supporting XSAVE feature 0x02: 'SSE registers'
[   0.000000] x86/pu SupporinXSAV fture0x4:'AVX regsts'
[    0.00000]x8/fpuEnbled xste featurs 0x7, contet ze i 82 ytes, ung standd'formt.
[   0.00000] e20: BIOS-provid hysil AM mp:
[  .00000] BIOSe8: [memx00000000000-00000000fbff uable
[   00000] BIO-e0: [me 000000009fc0-000000009fffreserv
    00000 BS-e820[mm 0x0000000f00-0x00000000ff] rervd
[   00000]BIO-e820: [mem 0x00000001000-0x00000003feffff] usable
[    0.0000] BS-e820: [mem 0x000000003fff0000-0x000000003fffffff] CPI data[    00000 BS-e80:mem 0x000000fe00000-0x00000fec0ff]reseed
[    0.000000] BIOS-e820: [mem 0x00000000fe000-0x00000000feeff] reseved
[   00000] BIS-20: [me0x0000000fc000-0x00000ffffff reserd
[   .00000] NX (Execute Disable) protection: active
   0.000000] SMBIS 2.prsent
[   0.000] Hyrvsordeeced: KVM
[   000000] e820: last_pn 0x3ff0ma_arh_n   04000000[   .00000] MTRR: Disabled
[    0.00000] x6/P: TRRs diabd, sipng PATinialiatio to.
[   .00000] CPUTRs al bnk -viualid ystem
  0.0000]x86/T: onfigaton[0]: WB WTUC- UC W WT  UC UC  
[   .00000 fnd SMP M-tbl at [mem 000ff-00009fff]mappd  [fff800009fff0]
[    0.000000] Scanning1 eas f lw memory corruptin
[    .00000]RADI: [mem 036a000-0x717ff]
[  000000ACI: Elytalechecsum vifcaonisabled
  0.0000 ACPI: SD0x0000000000 000024 (2 BO )
    0.00000] AI: XT x000003FFF000 003C 01VBOX  OXXSDT000001 SL 00006
[    .00000 ACPI:AC 0000000FF000 0004 v04 OX  VOXCP 000000ASL  000061
[   00000 API: SD 0000000003FFF0470 0021FF (v02 VX  VBOXBIOS 000002INTL 20100528)
[    000000] CPI: FACS 0x000000003FFF020 00040
[   0.000] ACP FCS 0x00000003FF02000040[    0.00000] PI: IC0x000003FF0240 005C 02VBOX  OXAPC 00001 L  000061)
[  .00000]CPI: SDTx00000003F02A00001C (01 VBO  BOCPUT 000002NT 21052)
[    0.00000 N NUMcofiguatn foun
   0.000] Fainga ode  [em 000000000000-0x000003ffff]
  0.00000] NODE_DATA(0)allcate[mm 3ffeb000-0x3ffeffff]
[    0.000000] kvm-clock: Using msrs 4b564d01 and 4b564d00
[   0.0000] kv-cock cpu 0ms 0:3fe301, primar cpu oc
[   0.0000] kvmclk:usi shed fst o 3896464cyles
[  000000]clcksorc kvmclk: mk:0xffffffffff mx_ycles: 0x1d4e4ffb, mx_le_ns: 881590514 ns[    .0000]Zonerangs:
[  000000   DMA     mem 0x00000000000x00000000ffff]
[  00000   DM2   [mem 0x0000001000000-0x000003fffff]
  0.0000]  Normal   empty
[   0.00000   Deic  empty
[   0.00000] ovable zone start for each node
[    0.0000 Eary moryod raes
[  .00000] nde  0:[mm 0x000000000000x000000009efff][   0.000]  ne   0: [m 00000000100000x00000ffeff]
    .0000] Inme stunode 0 [mm 000000000001000-0x000000003ffeffff]
[    0.000000] ACP: -TimeIOPort0x008
  0.000000 IOAPIC[0]: apc_d 2, vesi 32,adess 0xfec000, SI 0-23
[   .000000] ACP: NT_SC_R (bus0 s_ir0 lobalrq2 dfl dfl
[   0.000000] ACPI: INT_SRC_OVR (bus 0 bus_irq 9 global_irq 9 low level)
[    0.000000] Using ACPI (MADT)or SM configuratioon nformation
[    0.000000] smpboot: Allowing 2 CPUs, 0 hotplug CPUs
[    0.000000] PM: Rgistered nosave memory: [mem 0x00000000-0x0000fff]
[    0.000000] PM: Registered nosave memory:[mem 0x0009f000-0x0009ffff][    0.000000] PM:Resterd save memory:[m 0x00a00-000efff][   0.000] P Rgistered nosave mmory: [mem0x00f00-0x0ffff]
[  00000 e82: em 0x40000000-xfbffff] aiab fr PCdeices[   00000] oong paavtualized kernel  KM
[   .000000]loksourc rfine-jffies: mk:0xfffff max_cycl: xffffff maxdl_ns: 764551960021156ns
[  0.00000] setu_pcpu: _CUS:52 _cpuskbits12 nr_cpid:2 nr_noe_s:1
[    0.000000] PERCPU: Embedded 34 pages/cpu @fff003fc00 s995 r192 d52 u10576
[    .0000]V qsinck hah ble ntes: 6 orde:  409 bys)
[    0.000000] Built  zelists inode orermoili gruping on.  Toalpaes:2591
[    0.000000] Policy zone: DMA32
[    0.000000] Kernel command line: BOOT_IMAGE=/boot/vmlinz-.4.0-135-generic root=BEL=cloudimg-roots ro cnsole=tty1 console=tyS0
[    0.000000] PID hash table entries: 4096 (order: 3, 368bytes)
[   0.00000] Memory: 997720K/1048120K available (8554K kernel code, 1314K rwdata, 404K rodata, 1516K init, 136K bss,5000K seved, 0cm-reseve
[    00000] SLUB:HWign=4,rder0- MinObjct0, CUs, Nodes=1
[    000000] Kernel/User page ables sotion:naled
[    0.000000] Hierarchical RCU implementation.
[    0.000000] 	Build-time adjustment of leaf fanout to 64.
[    0.000000] 	RCU restricting CPUs from NR_CPUS=512 to nr_cpu_ids=2.
[  000000]CU: djuing geometry for rcfanout_leaf64, nr_cu_id=2
[  0.0000] R_RQ3324 nirs:0 6    0.0000 Conle color VA+80x25
[    0.0000]conso [ty1] abed
  0.0000] onol[ttyS] able
[     0.000000] tsc: Detected 2304.000 MHz processor
[   24.151006] Calibrating delay loop (skipped) preset value.. 4608.00 BogoMIPS (lpj=9216000)
[   24.166026] pid_max: default: 32768 minimum: 301
[   24.179540] ACPI: Core revision 20150930
[   24.199848] ACPI: 2 ACPI AML tables successfully acquired and loaded
[   24.220708] Security Framework initialized
[   24.235120] Yama: becoming mindful.
[   24.240789] AppArmor: AppArmor initialized
[   24.248779] Dentry cache hash table entries: 131072 (order: 8, 1048576 bytes)
[   24.260676] Inode-cache hash table entries: 65536 (order: 7, 524288 bytes)
[   24.326286] Mount-cache hash table entries: 2048 (order: 2, 16384 bytes)
[   24.331442] Mountpoint-cache hash table entries: 2048 (order: 2, 16384 bytes)
[   24.384747] Initializing cgroup subsys io
[   24.422583] Initializing cgroup subsys memory
[   24.460910] Initializing cgroup subsys devices
[   24.474546] Initializing cgroup subsys freezer
[   24.495252] Initializing cgroup subsys net_cls
[   24.496332] Initializing cgroup subsys perf_event
[   24.497448] Initializing cgroup subsys net_prio
[   24.525814] Initializing cgroup subsys hugetlb
[   24.527481] Initializing cgroup subsys pids
[   24.530937] mce: CPU supports 0 MCE banks
[   24.570744] Last level iTLB entries: 4KB 128, 2MB 8, 4MB 8
[   24.599144] Last level dTLB entries: 4KB 64, 2MB 0, 4MB 0, 1GB 4
[   24.654118] Spectre V2 : Mitigation: Full generic retpoline
[   24.698940] Spectre V2 : Speculation control IBPB not-supported IBRS not-supported
[   24.715446] Spectre V2 : Filling RSB on context switch
[   24.735279] Speculative Store Bypass: Vulnerable
[   24.764530] Freeing SMP alternatives memory: 32K
[   24.887424] ftrace: allocating 32266 entries in 127 pages
[   24.965591] smpboot: APIC(0) Converting physical 0 to logical package 0
[   25.055529] smpboot: Max logical packages: 1
[   25.119527] x2apic enabled
[   25.143390] Switched APIC routing to physical x2apic.
[   25.192007] ..TIMER: vector=0x30 apic1=0 pin1=2 apic2=-1 pin2=-1
[   25.370825] smpboot: CPU0: Intel(R) Core(TM) i5-6300HQ CPU @ 2.30GHz (family: 0x6, model: 0x5e, stepping: 0x3)
[   25.412827] Performance Events: unsupported p6 CPU model 94 no PMU driver, software events only.
[   25.440892] KVM setup paravirtual spinlock
[   25.442529] x86: Booting SMP configuration:
[   25.472884] .... node  #0, CPUs:      #1
[   25.499026] kvm-clock: cpu 1, msr 0:3ffe3041, secondary cpu clock
[   25.539774] mce: CPU supports 0 MCE banks
[   25.583737] x86: Booted up 1 node, 2 CPUs
[   25.627257] smpboot: Total of 2 processors activated (9216.00 BogoMIPS)
[   25.717248] devtmpfs: initialized
[   25.759407] evm: security.selinux
[   25.817138] evm: security.SMACK64
[   25.861115] evm: security.SMACK64EXEC
[   25.912923] evm: security.SMACK64TRANSMUTE
[   25.988957] evm: security.SMACK64MMAP
[   26.035928] evm: security.ima
[   26.072276] evm: security.capability
[   26.143703] clocksource: jiffies: mask: 0xffffffff max_cycles: 0xffffffff, max_idle_ns: 7645041785100000 ns
[   26.292888] futex hash table entries: 512 (order: 3, 32768 bytes)
[   26.376226] pinctrl core: initialized pinctrl subsystem
[   26.415931] RTC time: 12:20:36, date: 09/26/18
[   26.446370] NET: Registered protocol family 16
[   26.497050] cpuidle: using governor ladder
[   26.572340] cpuidle: using governor menu
[   26.650026] PCCT header not found.
[   26.703407] ACPI: bus type PCI registered
[   26.776691] acpiphp: ACPI Hot Plug PCI Controller Driver version: 0.5
[   26.905594] PCI: Using configuration type 1 for base access
[   26.969179] ACPI: Added _OSI(Module Device)
[   26.997470] ACPI: Added _OSI(Processor Device)
[   27.039157] ACPI: Added _OSI(3.0 _SCP Extensions)
[   27.081212] ACPI: Added _OSI(Processor Aggregator Device)
[   27.137616] ACPI: Executed 1 blocks of module-level executable AML code
[   27.215440] ACPI: Interpreter enabled
[   27.249084] ACPI: (supports S0 S5)
[   27.312647] ACPI: Using IOAPIC for interrupt routing
[   27.416561] PCI: Using host bridge windows from ACPI; if necessary, use "pci=nocrs" and report a bug
[   27.493518] ACPI: PCI Root Bridge [PCI0] (domain 0000 [bus 00-ff])
[   27.529465] acpi PNP0A03:00: _OSC: OS supports [ASPM ClockPM Segments MSI]
[   27.531352] acpi PNP0A03:00: _OSC: not requesting OS control; OS requires [ExtendedConfig ASPM ClockPM MSI]
[   27.548165] acpi PNP0A03:00: fail to add MMCONFIG information, can't access extended PCI configuration space under this bridge.
[   27.571700] PCI host bridge to bus 0000:00
[   27.603426] pci_bus 0000:00: root bus resource [io  0x0000-0x0cf7 window]
[   27.640897] pci_bus 0000:00: root bus resource [io  0x0d00-0xffff window]
[   27.642123] pci_bus 0000:00: root bus resource [mem 0x000a0000-0x000bffff window]
[   27.645339] pci_bus 0000:00: root bus resource [mem 0x40000000-0xfdffffff window]
[   27.675970] pci_bus 0000:00: root bus resource [bus 00-ff]
[   27.701285] pci 0000:00:01.1: legacy IDE quirk: reg 0x10: [io  0x01f0-0x01f7]
[   27.728567] pci 0000:00:01.1: legacy IDE quirk: reg 0x14: [io  0x03f6]
[   27.743393] pci 0000:00:01.1: legacy IDE quirk: reg 0x18: [io  0x0170-0x0177]
[   27.751896] pci 0000:00:01.1: legacy IDE quirk: reg 0x1c: [io  0x0376]
[   27.789347] pci 0000:00:07.0: quirk: [io  0x4000-0x403f] claimed by PIIX4 ACPI
[   27.812273] pci 0000:00:07.0: quirk: [io  0x4100-0x410f] claimed by PIIX4 SMB
[   27.843195] ACPI: PCI Interrupt Link [LNKA] (IRQs 5 9 10 *11)
[   27.904743] ACPI: PCI Interrupt Link [LNKB] (IRQs 5 9 *10 11)
[   27.988851] ACPI: PCI Interrupt Link [LNKC] (IRQs 5 *9 10 11)
[   28.064056] ACPI: PCI Interrupt Link [LNKD] (IRQs 5 9 10 *11)
[   28.107918] ACPI: Enabled 2 GPEs in block 00 to 07
[   28.190313] vgaarb: setting as boot device: PCI:0000:00:02.0
[   28.295273] vgaarb: device added: PCI:0000:00:02.0,decodes=io+mem,owns=io+mem,locks=none
[   28.467329] vgaarb: loaded
[   28.513111] vgaarb: bridge control possible 0000:00:02.0
[   28.615696] SCSI subsystem initialized
[   28.640995] ACPI: bus type USB registered
[   28.685545] usbcore: registered new interface driver usbfs
[   28.770551] usbcore: registered new interface driver hub
[   28.839927] usbcore: registered new device driver usb
[   28.936885] PCI: Using ACPI for IRQ routing
[   29.001521] NetLabel: Initializing
[   29.046765] NetLabel:  domain hash size = 128
[   29.110180] NetLabel:  protocols = UNLABELED CIPSOv4
[   29.208949] NetLabel:  unlabeled traffic allowed by default
[   29.294271] amd_nb: Cannot enumerate AMD northbridges
[   29.396926] clocksource: Switched to clocksource kvm-clock
[   295232Aprmr: AppArmor Filesystem Enabled
[ 29.4413] pnp: PnP ACPI init
[  28514]pn: Pn ACPI: found 3 devices
[   30.102089] clocksource: acpi_pm: mask: 0xffffff max_cycles: 0xffffff, max_idle_ns: 2085701024 ns
[   30.263246] NET: Registered protocol family 2
[   30.341859] TCP established hash table entries: 8192 (order: 4, 65536 bytes)
[   30.497371] TCP bind hash table entries: 8192 (order: 5, 131072 bytes)
[   30.603339] TCP: Hash tables configured (established 8192 bind 8192)
[   30.749938] UDP hash table entries: 512 (order: 2, 16384 bytes)
[   30.823302] UDP-Lite hash table entries: 512 (order: 2, 16384 bytes)
[   30.848881] NET: Registered protocol family 1
[   30.863351] pci 0000:00:00.0: Limiting direct PCI/PCI transfers
[   30.869609] pci 0000:00:01.0: Activating ISA DMA hang workarounds
[   30.872597] Unpacking initramfs...
[   31.183143] Freeing init mor 196

[   31.450 pltfm c_os: regstedlatrmTCdevce(no PNP devcefod)[   32.25790Scani f l morcouponvery60 cons
[  32.52119] tsc: Refned SC clocksurc caibatn: 30.5 M

[   33.413976] clocksource: tsc: mask: 0xffffffffffffffff max_cycles: 0x2138262425d, max_idle_ns: 440795214384 ns
[   334104aut:nialiinnein sbs (saled)
[   33.414416] audit: type=2000 audit(1537964420.271:1): initialized
[   33.414696] Initialise system trusted keyring
[   33.414802] HugeTLB registered 2 MB page size, pre-allocated 0 pages
[   33.416687] zbud: loaded
[   33.417230] VFS: Disk quotas dquot_6.6.0
[   33.417266] VFS: Dquot-cache hash table entries: 512 (order 0, 4096 bytes)
[   33.417548] squashfs: version 4.0 (2009/01/31) Phillip Lougher
[   33.418062] fuse init (API version 7.23)
[   33.418306] Key type big_key registered
[   33.418340] Allocating IMA MOK and blacklist keyrings.
[   33.418686] Key type asymmetric registered
[   33.418694] Asymmetric key parser 'x509' registered
[   33.418986] Block layer SCSI generic (bsg) driver version 0.4 loaded (major 249)
[   33.419046] io scheduler noop registered
[   33.419049] io scheduler deadline registered (default)
[   33.419096] io scheduler cfq registered
[   33.419276] pci_hotplug: PCI Hot Plug PCI Core version: 0.5
[   33.419282] pciehp: PCI Express Hot Plug Controller Driver version: 0.4
[   33.419587] ACPI: AC Adapter [AC] (on-line)
[   33.419639] input: Power Button as /devices/LNXSYSTM:00/LNXPWRBN:00/input/input0
[   33.419642] ACPI: Power Button [PWRF]
[   33.419820] input: Sleep Button as /devices/LNXSYSTM:00/LNXSLPBN:00/input/input1
[   33.419824] ACPI: Sleep Button [SLPF]
[   33.419996] GHES: HEST is not enabled!
[   33.420110] Serial: 8250/16550 driver, 32 ports, IRQ sharing enabled
[   33.454390] 00:02: ttyS0 at I/O 0x3f8 (irq = 4, base_baud = 115200) is a 16550A
[   34.102591] Linux agpgart interface v0.103
[   34.144636] ACPI: Battery Slot [BAT0] (battery present)
[   34.182014] loop: module loaded
[   34.183380] scsi host0: ata_piix
[   34.183438] scsi host1: ata_piix
[   34.183471] ata1: PATA max UDMA/33 cmd 0x1f0 ctl 0x3f6 bmdma 0xd000 irq 14
[   34.183472] ata2: PATA max UDMA/33 cmd 0x170 ctl 0x376 bmdma 0xd008 irq 15
[   34.183545] libphy: Fixed MDIO Bus: probed
[   34.183547] tun: Universal TUN/TAP device driver, 1.6
[   34.183548] tun: (C) 1999-2004 Max Krasnyansky <maxk@qualcomm.com>
[   34.183898] PPP generic driver version 2.4.2
[   34.184110] ehci_hcd: USB 2.0 'Enhanced' Host Controller (EHCI) Driver
[   34.184114] ehci-pci: EHCI PCI platform driver
[   34.184129] ehci-platform: EHCI generic platform driver
[   34.184156] ohci_hcd: USB 1.1 'Open' Host Controller (OHCI) Driver
[   34.184159] ohci-pci: OHCI PCI platform driver
[   34.184184] ohci-platform: OHCI generic platform driver
[   34.184191] uhci_hcd: USB Universal Host Controller Interface driver
[   34.184284] i8042: PNP: PS/2 Controller [PNP0303:PS2K,PNP0f03:PS2M] at 0x60,0x64 irq 1,12
[   34.225112] serio: i8042 KBD port at 0x60,0x64 irq 1
[   34.225118] serio: i8042 AUX port at 0x60,0x64 irq 12
[   34.225297] mousedev: PS/2 mouse device common for all mice
[   34.225680] rtc_cmos rtc_cmos: rtc core: registered rtc_cmos as rtc0
[   34.225737] rtc_cmos rtc_cmos: alarms up to one day, 114 bytes nvram
[   34.225746] i2c /dev entries driver
[   34.225804] device-mapper: uevent: version 1.0.3
[   34.225857] device-mapper: ioctl: 4.34.0-ioctl (2015-10-28) initialised: dm-devel@redhat.com
[   34.225916] ledtrig-cpu: registered to indicate activity on CPUs
[   34.226253] NET: Registered protocol family 10
[   34.226399] NET: Registered protocol family 17
[   34.226410] Key type dns_resolver registered
[   34.226636] registered taskstats version 1
[   34.226648] Loading compiled-in X.509 certificates
[   34.227317] Loaded X.509 cert 'Build time autogenerated kernel key: b7189ebc996fd79c52efc1226b6676b25e4f6a2d'
[   34.227341] zswap: loaded using pool lzo/zbud
[   34.229269] Key type trusted registered
[   34.232310] Key type encrypted registered
[   34.232320] AppArmor: AppArmor sha1 policy hashing enabled
[   34.232322] ima: No TPM chip found, activating TPM-bypass!
[   34.232329] ima: Allocated hash algorithm: sha1
[   34.232344] evm: HMAC attrs: 0x1
[   34.232664]   Magic number: 2:516:330
[   34.232682] tty tty51: hash matches
[   34.236085] rtc_cmos rtc_cmos: setting system clock to 2018-09-26 12:20:44 UTC (1537964444)
[   34.236231] BIOS EDD facility v0.16 2004-Jun-25, 0 devices found
[   34.236231] EDD information not available.
[   34.414480] input: AT Translated Set 2 keyboard as /devices/platform/i8042/serio0/input/input2
[   37.745796] Freeing unused kernel memory: 1516K
[   37.861659] Write protecting the kernel read-only data: 14336k
[   38.000371] Freeing unused kernel memory: 1672K
[   38.095615] Freeing unused kernel memory: 92K
Loading, please [   38.195440] random: systemd-udevd: uninitialized urandom read (16 bytes read, 7 bits of entropy available)
wait...
startin[   38.198892] random: udevadm: uninitialized urandom read (16 bytes read, 7 bits of entropy available)
g version 229
[   38.198916] random: udevadm: uninitialized urandom read (16 bytes read, 7 bits of entropy available)
[   38.207446] random: udevadm: uninitialized urandom read (16 bytes read, 7 bits of entropy available)
[   38.207491] random: udevadm: uninitialized urandom read (16 bytes read, 7 bits of entropy available)
[   38.207616] random: udevadm: uninitialized urandom read (16 bytes read, 7 bits of entropy available)
[   38.207661] random: udevadm: uninitialized urandom read (16 bytes read, 7 bits of entropy available)
[   38.207704] random: udevadm: uninitialized urandom read (16 bytes read, 7 bits of entropy available)
[   38.207749] random: udevadm: uninitialized urandom read (16 bytes read, 7 bits of entropy available)
[   38.207793] random: udevadm: uninitialized urandom read (16 bytes read, 7 bits of entropy available)
[   39.284398] e1000: Intel(R) PRO/1000 Network Driver - version 7.3.21-k8-NAPI
[   39.303249] e1000: Copyright (c) 1999-2006 Intel Corporation.
[   39.340695] Fusion MPT base driver 3.04.20
[   39.392423] Copyright (c) 1999-2008 LSI Corporation
[   39.407567] Fusion MPT SPI Host driver 3.04.20
[   39.451116] AVX2 version of gcm_enc/dec engaged.
[   39.459991] AES CTR mode by8 optimization enabled
[   39.561340] input: ImExPS/2 Generic Explorer Mouse as /devices/platform/i8042/serio1/input/input4
[   39.783803] e1000 0000:00:03.0 eth0: (PCI:33MHz:32-bit) 02:f9:a5:f1:f1:2b
[   40.353134] e1000 0000:00:03.0 eth0: Intel(R) PRO/1000 Network Connection
[   40.405457] mptbase: ioc0: Initiating bringup
[   40.758942] ioc0: LSI53C1030 A0: Capabilities={Initiator}
[   41.550503] scsi host2: ioc0: LSI53C1030 A0, FwRev=00000000h, Ports=1, MaxQ=256, IRQ=20
[   42.505918] scsi 2:0:0:0: Direct-Access     VBOX     HARDDISK         1.0  PQ: 0 ANSI: 5
[   42.584461] scsi target2:0:0: Beginning Domain Validation
[   42.597583] scsi target2:0:0: Domain Validation skipping write tests
[   42.638919] scsi target2:0:0: Ending Domain Validation
[   42.659810] scsi target2:0:0: asynchronous
[   42.684211] scsi 2:0:1:0: Direct-Access     VBOX     HARDDISK         1.0  PQ: 0 ANSI: 5
[   42.711805] scsi target2:0:1: Beginning Domain Validation
[   42.721409] scsi target2:0:1: Domain Validation skipping write tests
[   42.760206] scsi target2:0:1: Ending Domain Validation
[   42.762025] scsi target2:0:1: asynchronous
[   42.821687] sd 2:0:0:0: Attached scsi generic sg0 type 0
[   42.874129] sd 2:0:0:0: [sda] 20971520 512-byte logical blocks: (10.7 GB/10.0 GiB)
[   42.927981] sd 2:0:1:0: Attached scsi generic sg1 type 0
[   42.973115] sd 2:0:1:0: [sdb] 20480 512-byte logical blocks: (10.5 MB/10.0 MiB)
[   42.992904] e1000 0000:00:08.0 eth1: (PCI:33MHz:32-bit) 08:00:27:4b:9b:cb
[   42.992910] e1000 0000:00:08.0 eth1: Intel(R) PRO/1000 Network Connection
[   43.036392] sd 2:0:0:0: [sda] Write Protect is off
[   43.037078] sd 2:0:0:0: [sda] Incomplete mode parameter data
[   43.037080] sd 2:0:0:0: [sda] Assuming drive cache: write through
[   43.038508] e1000 0000:00:08.0 enp0s8: renamed from eth1
[   43.040392]  sda: sda1
[   43.041480] sd 2:0:0:0: [sda] Attached SCSI disk
[   43.139446] sd 2:0:1:0: [sdb] Write Protect is off
[   43.162411] sd 2:0:1:0: [sdb] Incomplete mode parameter data
[   43.196236] sd 2:0:1:0: [sdb] Assuming drive cache: write through
[   43.207428] e1000 0000:00:03.0 enp0s3: renamed from eth0
[   43.409933] sd 2:0:1:0: [sdb] Attached SCSI disk
Begin: Loading e[   44.919496] md: linear personality registered for level -1
ssential drivers[   45.057177] md: multipath personality registered for level -4
 ... [   45.175952] md: raid0 personality registered for level 0
[   45.286058] md: raid1 personality registered for level 1
[   45.385546] raid6: sse2x1   gen()  8358 MB/s
[   45.492928] raid6: sse2x1   xor()  6616 MB/s
[   45.585739] raid6: sse2x2   gen() 10974 MB/s
[   45.681354] raid6: sse2x2   xor()  7510 MB/s
[   45.801324] raid6: sse2x4   gen() 12405 MB/s
[   45.925237] raid6: sse2x4   xor()  7826 MB/s
[   46.025841] raid6: avx2x1   gen() 17959 MB/s
[   46.125356] raid6: avx2x2   gen() 20028 MB/s
[   46.205319] raid6: avx2x4   gen() 22950 MB/s
[   46.289851] raid6: using algorithm avx2x4 gen() 22950 MB/s
[   46.370440] raid6: using avx2x2 recovery algorithm
[   46.402584] xor: automatically using best checksumming function:
[   46.485429]    avx       : 20712.000 MB/sec
[   46.554660] async_tx: api initialized (async)
[   46.633379] md: raid6 personality registered for level 6
[   46.642635] md: raid5 personality registered for level 5
[   46.705876] md: raid4 personality registered for level 4
[   46.767363] md: raid10 personality registered for level 10
done.
Begin: Running /scripts/init-p[   46.893604] Btrfs loaded
remount ... done.
Begin: Mounting root file system ... Begin: R[   46.982428] EXT4-fs (sda1): mounted filesystem with ordered data mode. Opts: (null)
unning /scripts/local-top ... done.
Begin: Running /scripts/local-premount ... Scanning for Btrfs filesystems
done.
Warning: fsck not present, so skipping root file system
done.
Begin: Running /scripts/local-bottom ... done.
Begin: Running /scripts/init-bottom ... done.
[   47.457929] systemd[1]: systemd 229 running in system mode. (+PAM +AUDIT +SELINUX +IMA +APPARMOR +SMACK +SYSVINIT +UTMP +LIBCRYPTSETUP +GCRYPT +GNUTLS +ACL +XZ -LZ4 +SECCOMP +BLKID +ELFUTILS +KMOD -IDN)
[   47.617290] systemd[1]: Detected virtualization oracle.
[   47.724535] systemd[1]: Detected architecture x86-64.

Welcome to [1mUbuntu 16.04.5 LTS[0m!

[   47.904180] systemd[1]: Set hostname to <ubuntu>.
[   47.999838] systemd[1]: Initializing machine ID from random generator.
[   48.095899] systemd[1]: Installed transient /etc/machine-id file.
[   48.293423] random: nonblocking pool is initialized
[ 48436753] systemd[1]: Listening on Journal Socket (/dev/log).
[[0;32m  OK  [0m] Listening on Journal Socket (/dev/log).
[   48.71780]ysem1]: Stared Trigger resolvcof date r neorkdNS

[[0;32m  OK  [0m] Started Trigger resolvconf update for networkd DNS.
[ 49.378243] stmd]:Listening onevce-pp eendamoFIFOs. [[0;32m  OK  [0m] Listening on Device-mapper event daemon FIFOs.
[ 50622106] system[1 Racd target Usr d ou Name Loks.
[[0;32m  OK  [0m] Reached target User and Group Name Lookups.
[ 516998] ysmd1]Listening on ueverl ck.
[[0;32m  OK  [0m] Listening on udev Kernel Socket.
[ 521719]ysmd]:Created sli Syst Sce
[[0;32m  OK  [0m] Created slice System Slice.
[ 5280949] sysmd1]: arted orwardPawo Rues  Wl irectory Wtc
[[0;32m  OK  [0m] Started Forward Password Requests to Wall Directory Watch.
[   53.779] stemd1]Lisni on Syslog ck. [[0;32m  OK  [0m] Listening on Syslog Socket.
[ 54133]system1]Rehe target System TimSyhriz.
[[0;32m  OK  [0m] Reached target System Time Synchronized.
[ 551895 sstd[]: Created slice User and Session Slice.
[[0;32m  OK  [0m] Created slice User and Session Slice.
[ 5513303] syte[1 Rch tgeSlices
[[0;32m  OK  [0m] Reached target Slices.
[ 565564] systd[: stinon /dev/inctl omtiliy mePipe.

[[0;32m  OK  [0m] Listening on /dev/initctl Compatibility Named Pipe.
[  5.46326]ysmd]: Listeni oJonaAut ckt.
[[0;32m  OK  [0m] Listening on Journal Audit Socket.
[ 58816]ysmd]: Reaedart wap.

[[0;32m  OK  [0m] Reached target Swap.
[  58.880 systd[1: eached target crteVolumes.
[[0;32m  OK  [0m] Reached target Encrypted Volumes.
[ 59.4055 systemd[]:et up automountArbrary Eectae leFoat Fil Stem Automount Point.
[[0;32m  OK  [0m] Set up automount Arbitrary Executab...ats File System Automount Point.
[  60.649960] systemd1]Liening n ural Socke.
[[0;32m  OK  [0m] Listening on Journal Socket.
[   61.185293] systemd[1]: Starting Remount Root and Kernel File Systems...
         [   61.355467] EXT4-fs (sda1): re-mounted. Opts: (null)
Starting Remount Root and Kernel File Systems...
[   61.597699] systemd[1]: Starting Load Kernel Modules...
         Starting Load Ke[   61.682745] Loading iSCSI transport class v2.0-870.
rnel Modules...[   61.796091] iscsi: registered transport (tcp)

[   61.901672] systemd[1]: Mounting Debug File System...
         Mounting Debug F[   61.970765] iscsi: registered transport (iser)
ile System...
[   62.057796] systemd[1]: Starting Journal Service...
         Starting Journal Service...
[   62.189568] systemd[1]: Mounting Huge Pages File System...
         Mounting Huge Pages File System...
[   62.415909] systemd[1]: Starting Uncomplicated firewall...
         Starting Uncomplicated firewall...
[   .59908] sytemd[: Crtedli ste-seral2dgetty.slice.

[[0;32m  OK  [0m] Created slice system-serial\x2dgetty.slice.
[   63.305616] systemd[1]: Starting Nameserver information manager...
         Starting Nameserver information manager...
[  63.452515] ystemd]:istein on dev ntl ck.
[[0;32m  OK  [0m] Listening on udev Control Socket.
[ 6405668systemd[: stin on VMmedatdaon sck.
[[0;32m  OK  [0m] Listening on LVM2 metadata daemon socket.
[   65.005738] systemd[1]: Starting Create list of required static device nodes for the current kernel...
         Starting Create list of required st... nodes for the current kernel...
[   65.341297] systemd[1]: Starting Monitoring of LVM2 mirrors, snapshots etc. using dmeventd or progress polling...
         Starting Monitoring of LVM2 mirrors... dmeventd or progress polling...
[   65.546001] systemd[1]: Mounting POSIX Message Queue File System...
         Mounting POSIX Message Queue File System...
[   6570574]ysem1]Lienng o L2 llaen ocket.
[[0;32m  OK  [0m] Listening on LVM2 poll daemon socket.
[   66.485938] systemd[1]: Starting Set console keymap...
         Starting Set console keymap...
[   66.582208] systemd[1]: Mounted Huge Pages File System.
[[0;32m  OK  [0m] Mounted Huge Pages File System.
[  66.691974] systemd[1]: Mounted POSIX Message Queue File System.
[[0;32m  OK  [0m] Mounted POSIX Message Queue File System.
[  6.855 sted[1]: Mounted Debu Fe st.
[[0;32m  OK  [0m] Mounted Debug File System.
[   63721 systemd[1]: Started Jornal Servic
[[0;32m  OK  [0m] SSarted Journal Service.
[[0;32m  OK  [0m] Started Remount Root and Kernel File Systems.
[[0;32m  OK  [0m] Started Load Kernel Modules.
[[0;32m  OK  [0m] Started Uncomplicated firewall.
[[0;32m  OK  [0m] Started Create list of required sta...ce nodes for the current kernel.
[[0;32m  OK  [0m] Started Set console keymap.
[[0;32m  OK  [0m] Started Nameserver information manager.
[[0;32m  OK  [0m] Started LVM2 metadata daemon.
         Starting Create Static Device Nodes in /dev...
         Mounting FUSE Control File System...
         Starting Apply Kernel Variables...
         Starting Load/Save Random Seed...
         Starting udev Coldplug all Devices...
         Starting Flush Journal to Persistent Storage...
[[0;32m  OK  [0m] Mounted FUSE Control File System.
[[0;32m  OK  [0m] Started Monitoring of LVM2 mirrors,...ng dmeventd or progress polling.
[[0;32m  OK  [0m] Started Create Static Device Nodes in /dev.
[[0;32m  OK  [0m] Started Apply Kernel Variables.
[[0;32m  OK  [0m] Started Load/Save Random Seed.
[[0;32m  OK  [0m] Started udev Coldplug all Devices.
[[0;32m  OK  [0m] Started Flush Journal to Persistent Storage.
         Starting udev Kernel Device Manager...
[[0;32m  OK  [0m] Started udev Kernel Device Manager.
[[0;32m  OK  [0m] Started Dispatch Password Requests to Console Directory Watch.
[[0;32m  OK  [0m] Reached target Local File Systems (Pre).
[[0;32m  OK  [0m] Reached target Local File Systems.
         Starting LSB: AppArmor initialization...
         Starting Initial cloud-init job (pre-networking)...
         Starting Commit a transient machine-id on disk...
         Starting Tell Plymouth To Write Out Runtime Data...
         Starting Create Volatile Files and Directories...
         Starting Set console font and keymap...
[[0;32m  OK  [0m] Started Commit a transient machine-id on disk.
[[0;32m  OK  [0m] Started Tell Plymouth To Write Out Runtime Data.
[[0;32m  OK  [0m] Started Create Volatile Files and Directories.
[[0;32m  OK  [0m] Found device /dev/ttyS0.
[[0;32m  OK  [0m] Listening on Load/Save RF Kill Switch Status /dev/rfkill Watch.
         Starting Update UTMP about System Boot/Shutdown...
[[0;32m  OK  [0m] Started Set console font and keymap.
[[0;32m  OK  [0m] Started Update UTMP about System Boot/Shutdown.
[[0;32m  OK  [0m] Created slice system-getty.slice.
[   42.836761] cloud-init[605]: Cloud-init v. 18.3-9-g2e62cb8a-0ubuntu1~16.04.2 running 'init-local' at Wed, 26 Sep 2018 12:21:21 +0000. Up 42.36 seconds.
[[0;32m  OK  [0m] Started Initial cloud-init job (pre-networking).
[[0;32m  OK  [0m] Started LSB: AppArmor initialization.
[[0;32m  OK  [0m] Reached target Network (Pre).
         Starting Raise network interfaces...
[[0;32m  OK  [0m] Started Raise network interfaces.
         Starting Initial cloud-init job (metadata service crawler)...
[[0;32m  OK  [0m] Reached target Network.
[   44.886816] cloud-init[932]: Cloud-init v. 18.3-9-g2e62cb8a-0ubuntu1~16.04.2 running 'init' at Wed, 26 Sep 2018 12:21:22 +0000. Up 43.91 seconds.
[   45.115497] [cloud-init[0;32m  OK  [0m[932]: ] ci-info: ++++++++++++++++++++++++++++++++++++++Net device info+++++++++++++++++++++++++++++++++++++++Started Initial cloud-init job (metadata service crawler).

[   45.116003] cloud-init[932]: ci-info: +--------+-------+----------------------------+---------------+--------+-------------------+
[   45.552580] [cloud-init[0;32m  OK  [0m[932]: ] ci-info: | Device |   Up  |          Address           |      Mask     | Scope  |     Hw-Address    |Reached target Network is Online.

[   45.880388]          cloud-initStarting iSCSI initiator daemon (iscsid)...[932]: 
ci-info: +--------+-------+----------------------------+---------------+--------+-------------------+
[   46.105040] [cloud-init[0;32m  OK  [0m[932]: ] ci-info: | enp0s3 |  True |         10.0.2.15          | 255.255.255.0 | global | 02:f9:a5:f1:f1:2b |Reached target Cloud-config availability.

[   46.356692] [cloud-init[0;32m  OK  [0m[932]: ] ci-info: | enp0s3 |  True | fe80::f9:a5ff:fef1:f12b/64 |       .       |  link  | 02:f9:a5:f1:f1:2b |Reached target System Initialization.

[   46.608565] [cloud-init[0;32m  OK  [0m[932]: ] ci-info: | enp0s8 | False |             .              |       .       |   .    | 08:00:27:4b:9b:cb |Listening on ACPID Listen Socket.

[   46.852577] [cloud-init[0;32m  OK  [0m[932]: ] ci-info: |   lo   |  True |         127.0.0.1          |   255.0.0.0   |  host  |         .         |Started Daily Cleanup of Temporary Directories.

[[0;32m  OK  [0m] Listening on D-Bus System Message Bus Socket.
[[0;32m  OK  [0m] Listening on UUID daemon activation socket.
[   46.853039] cloud-init[932]: ci-info: |   lo   |  True |          ::1/128           |       .       |  host  |         .         |
[   47.384486] [cloud-init[0;32m  OK  [0m[932]: ] ci-info: +--------+-------+----------------------------+---------------+--------+-------------------+Started Daily apt download activities.

[   47.645087] [cloud-init[0;32m  OK  [0m[932]: ] ci-info: +++++++++++++++++++++++++++Route IPv4 info++++++++++++++++++++++++++++Started Daily apt upgrade and clean activities.

[[0;32m  OK  [0m] Reached target Timers.
[   47.645540] cloud-init[932]: ci-info: +-------+-------------+----------+---------------+-----------+-------+
[   48.133014] [cloud-init[0;32m  OK  [0m[932]: ] ci-info: | Route | Destination | Gateway  |    Genmask    | Interface | Flags |Started ACPI Events Check.

[   48.403534] [cloud-init[0;32m  OK  [0m[932]: ] ci-info: +-------+-------------+----------+---------------+-----------+-------+Reached target Paths.

         Starting Socket activation for snappy daemon.
[   48.404110] cloud-init[932]: ci-info: |   0   |   0.0.0.0   | 10.0.2.2 |    0.0.0.0    |   enp0s3  |   UG  |
[   48.861228]          cloud-initStarting LXD - unix socket.[932]: 
ci-info: |   1   |   10.0.2.0  | 0.0.0.0  | 255.255.255.0 |   enp0s3  |   U   |
[   49.052541] [cloud-init[0;32m  OK  [0m[932]: ] ci-info: +-------+-------------+----------+---------------+-----------+-------+Listening on Socket activation for snappy daemon.

[   49.252535] [cloud-init[0;32m  OK  [0m[932]: ] ci-info: +++++++++++++++++++Route IPv6 info+++++++++++++++++++Listening on LXD - unix socket.

[[0;32m  OK  [0m] Started iSCSI initiator daemon (iscsid).
[   49.253019] cloud-init[932]: ci-info: +-------+-------------+---------+-----------+-------+
[   49.608976]          cloud-initStarting Login to default iSCSI targets...[932]: 
ci-info: | Route | Destination | Gateway | Interface | Flags |
[   49.818766] [cloud-init[0;32m  OK  [0m[932]: ] ci-info: +-------+-------------+---------+-----------+-------+Reached target Sockets.

[[0;32m  OK  [0m] Reached target Basic System.
[   49.819360] cloud-init[932]: ci-info: |   0   |  fe80::/64  |    ::   |   enp0s3  |   U   |
[[0;32m  OK  [0m] Started FUSE filesystem for LXC.
[   50.101332] cloud-init[932]: ci-info: |   3   |   ff00::/8  |    ::   |   enp0s3  |   U   |
[   50.237377]          cloud-initStarting System Logging Service...[932]: 
ci-info: +-------+-------------+---------+-----------+-------+
[   50.415013] [cloud-init[0;32m  OK  [0m[932]: ] Generating public/private rsa key pair.Started Unattended Upgrades Shutdown.

[   50.415471] cloud-init[932]: Your identification has been saved in /etc/ssh/ssh_host_rsa_key.
[   50.672610] [cloud-init[0;32m  OK  [0m[932]: ] Your public key has been saved in /etc/ssh/ssh_host_rsa_key.pub.Started D-Bus System Message Bus.

[   50.673050] cloud-init[932]: The key fingerprint is:
[[0;32m  OK  [0m] Started Deferred execution scheduler.
[   50.999910] cloud-init[932]: SHA256:td2Crg5DejKw5SbMgilr45BJlxJtWiG7kD2u4kyt6rs root@ubuntu-xenial
[   51.120699]          cloud-initStarting Accounts Service...[932]: 
The key's randomart image is:
[   51.214479] [cloud-init[0;32m  OK  [0m[932]: ] +---[RSA 2048]----+Started ACPI event daemon.

[   51.214881] cloud-init[932]: | . .             |
[   51.386502] [cloud-init[0;32m  OK  [0m[932]: ] | o+ .            |Started Regular background program processing daemon.

[   51.386904] cloud-init[932]: |ooo+      .      |
[   51.580621]          cloud-initStarting Pollinate to seed the pseudo random number generator...[932]: 
|..*..    . + .   |
         Starting Virtualbox guest utils...
[   51.683826] cloud-init[932]: | =oo. . S o o .  |
[   51.800965]          cloud-initStarting LSB: MD monitoring daemon...[932]: 
|oB+= o   .   .   |
[   51.917044]          cloud-initStarting Login Service...[932]: 
|@.=.* +   .      |
[   52.016572]          cloud-initStarting LSB: Record successful boot for GRUB...[932]: 
|B=.o + o .       |
[   52.147350]          cloud-initStarting /etc/rc.local Compatibility...[932]: 
|BE+    .o        |
[   52.256618]          cloud-initStarting LXD - container startup/shutdown...[932]: 
+----[SHA256]-----+
         Starting Snappy daemon...
[   52.351680] cloud-init[932]: Generating public/private dsa key pair.
[   52.448904] [cloud-init[0;32m  OK  [0m[932]: ] Your identification has been saved in /etc/ssh/ssh_host_dsa_key.Started System Logging Service.

[   52.569131] [cloud-init[0;32m  OK  [0m[932]: ] Your public key has been saved in /etc/ssh/ssh_host_dsa_key.pub.Started /etc/rc.local Compatibility.

[   52.569472] cloud-init[932]: The key fingerprint is:
[   52.828853] [cloud-init[0;32m  OK  [0m[932]: ] SHA256:4ZPtxFINeqKGaPOOdSrpd7z4Kei/H1TDE7z4Bm3f6nY root@ubuntu-xenialStarted LXD - container startup/shutdown.

[   53.020907] [cloud-init[0;32m  OK  [0m[932]: ] The key's randomart image is:Started Snappy daemon.

[   53.021413] cloud-init[932]: +---[DSA 1024]----+
[[0;32m  OK  [0m] Started Login to default iSCSI targets.
[   53.192645] cloud-init[932]: |       .. .      |
[   53.293079] [cloud-init[0;32m  OK  [0m[932]: ] |       ..o o     |Started LSB: MD monitoring daemon.

[[0;32m  OK  [0m] Started Virtualbox guest utils.
[   53.293543] cloud-init[932]: |       oO.o .    |
[   53.509037] cloud-init[932]: |   . .o++@       |
[[0;32m  OK  [0m] Started LSB: Record successful boot for GRUB.
[   53.509738] cloud-init[932]: |  + . ++S.+.     |
[   53.636730] cloud-init[932]: | . o o  o=. .    |
         Starting Authenticate and Authorize Users to Run Privileged Tasks...
[[0;32m  OK  [0m] Reached target Remote File Systems (Pre).
[[0;32m  OK  [0m] Reached target Remote File Systems.
[   53.684847] cloud-init[932]: |   oo.o.  ..     |
         Starting LSB: automatic crash report generation...
[   53.902668] cloud-init[932]: |  ++o+oo  o E    |
[   54.003225]          cloud-initStarting LSB: daemon to balance interrupts for SMP systems...[932]: 
| o++**=. o..     |
[   54.184396]          cloud-initStarting LSB: Set the CPU Frequency Scaling governor to "ondemand"...[932]: 
+----[SHA256]-----+
[   54.361387]          cloud-initStarting Permit User Sessions...[932]: 
Generating public/private ecdsa key pair.
[   54.508731]          cloud-initStarting Wait until snapd is fully seeded...[932]: 
Your identification has been saved in /etc/ssh/ssh_host_ecdsa_key.
[   54.712753] [cloud-init[0;32m  OK  [0m[932]: ] Your public key has been saved in /etc/ssh/ssh_host_ecdsa_key.pub.Started Permit User Sessions.

[   54.713104] cloud-init[932]: The key fingerprint is:
[   54.912871] [cloud-init[0;32m  OK  [0m[932]: ] SHA256:EZLZXLGcgKQrDrJmwhwEXPJ8gac6cygV+pXwMFNiLVM root@ubuntu-xenialStarted Pollinate to seed the pseudo random number generator.

[   54.913320] cloud-init[932]: The key's randomart image is:
[   55.184597] cloud-init[932]: +---[ECDSA 256]---+
[[0;32m  OK  [0m] Started Login Service.
[   55.185031] cloud-init[932]: |o.+=Eoo*o.o.     |
[   55.373862] [cloud-init[0;32m  OK  [0m[932]: ] |.o%o.o=.o+ o     |Started Authenticate and Authorize Users to Run Privileged Tasks.

[   55.374403] cloud-init[932]: | o %+o  . +      |
[   55.601940] [cloud-init[0;32m  OK  [0m[932]: ] |o ..=.   .       |Started Accounts Service.

[[0;32m  OK  [0m] Started LSB: Set the CPU Frequency Scaling governor to "ondemand".
[[0;32m  OK  [0m] Started LSB: automatic crash report generation.
[[0;32m  OK  [0m] Started LSB: daemon to balance interrupts for SMP systems.
[   55.716578] cloud-init[932]: |o++..   S        |
[   55.910892]          cloud-initStarting OpenBSD Secure Shell server...[932]: 
|=Ooo             |
[   56.004506]          cloud-initStarting Hold until boot process finishes up...[932]: 
|+==              |
[   56.125805]          cloud-initStarting Terminate Plymouth Boot Screen...[932]: 
|+                |
[   56.248643] [cloud-init[0;32m  OK  [0m[932]: ] |                 |Started OpenBSD Secure Shell server.

[   56.249128] cloud-init[932]: +----[SHA256]-----+
[   56.456721] [cloud-init[0;32m  OK  [0m[932]: ] Generating public/private ed25519 key pair.Started Hold until boot process finishes up.

[   56.628696] [cloud-init[0;32m  OK  [0m[932]: ] Your identification has been saved in /etc/ssh/ssh_host_ed25519_key.Started Terminate Plymouth Boot Screen.

[   56.629397] cloud-init[932]: Your public key has been saved in /etc/ssh/ssh_host_ed25519_key.pub.
[   57.006632] [cloud-init[0;32m  OK  [0m[932]: ] The key fingerprint is:Started Serial Getty on ttyS0.

[   57.007040] cloud-init[932]: SHA256:8jV5png3i75XjFM7rqVj4SbIftiTkRJXftHxJy2aAXU root@ubuntu-xenial
[   57.176494]          cloud-initStarting Set console scheme...[932]: 
The key's randomart image is:
[   57.305752] [cloud-init[0;32m  OK  [0m[932]: ] +--[ED25519 256]--+Started Getty on tty1.

[[0;32m  OK  [0m] Reached target Login Prompts.
[   57.307084] cloud-init[932]: |          ... Eo.|
[   57.557836] [cloud-init[0;32m  OK  [0m[932]: ] |           .....o|Started Set console scheme.

[   57.560607] cloud-init[932]: |           o. o.+|
[   57.744952] cloud-init[932]: |        . ...+oo.|
[   57.745842] cloud-init[932]: |      . So+.== . |
[[0;32m  OK  [0m] Created slice User Slice of vagrant.
[   57.746158] cloud-init[932]: |       o.oo=+ =  |
[   58.056724] cloud-init[932]: |       .o=o+o=.. |
[   58.057934] cloud-init[932]: |        +.*o*=.  |
[[0;32m  OK  [0m] Started Session 1 of user vagrant.
[   58.058340] cloud-init[932]: |       ..o+B+o   |
[   58.328792] cloud-init[932]: +----[SHA256]-----+
         Starting User Manager for UID 1000...
[[0;32m  OK  [0m] Started User Manager for UID 1000.
[[0;32m  OK  [0m] Started Wait until snapd is fully seeded.
         Starting Apply the settings specified in cloud-config...
[[0;32m  OK  [0m] Reached target Multi-User System.
[[0;32m  OK  [0m] Reached target Graphical Interface.
         Starting Update UTMP about System Runlevel Changes...
[[0;32m  OK  [0m] Started Update UTMP about System Runlevel Changes.
[   59.594929] cloud-init[1314]: Generating locales (this might take a while)...
[   60.481035] cloud-init[1314]:   en_US.UTF-8... done
[   60.516549] cloud-init[1314]: Generation complete.
[   60.812895] cloud-init[1314]: Cloud-init v. 18.3-9-g2e62cb8a-0ubuntu1~16.04.2 running 'modules:config' at Wed, 26 Sep 2018 12:21:38 +0000. Up 59.43 seconds.
[[0;32m  OK  [0m] Started Apply the settings specified in cloud-config.
         Starting Execute cloud user/final scripts...
ci-info: no authorized ssh keys fingerprints found for user ubuntu.
<14>Sep 26 12:21:40 ec2: 
<14>Sep 26 12:21:40 ec2: #############################################################
<14>Sep 26 12:21:40 ec2: -----BEGIN SSH HOST KEY FINGERPRINTS-----
<14>Sep 26 12:21:40 ec2: 1024 SHA256:4ZPtxFINeqKGaPOOdSrpd7z4Kei/H1TDE7z4Bm3f6nY root@ubuntu-xenial (DSA)
<14>Sep 26 12:21:40 ec2: 256 SHA256:EZLZXLGcgKQrDrJmwhwEXPJ8gac6cygV+pXwMFNiLVM root@ubuntu-xenial (ECDSA)
<14>Sep 26 12:21:40 ec2: 256 SHA256:8jV5png3i75XjFM7rqVj4SbIftiTkRJXftHxJy2aAXU root@ubuntu-xenial (ED25519)
<14>Sep 26 12:21:40 ec2: 2048 SHA256:td2Crg5DejKw5SbMgilr45BJlxJtWiG7kD2u4kyt6rs root@ubuntu-xenial (RSA)
<14>Sep 26 12:21:40 ec2: -----END SSH HOST KEY FINGERPRINTS-----
<14>Sep 26 12:21:40 ec2: #############################################################
-----BEGIN SSH HOST KEY KEYS-----
ecdsa-sha2-nistp256 AAAAE2VjZHNhLXNoYTItbmlzdHAyNTYAAAAIbmlzdHAyNTYAAABBBNiG3rMUhy05Ww/VLiahKj/XAA1Ix/7duuC12dEPfh0VZ+1vW64nToqe02C+dpDL4PFYL7bzyoP5XKcBPGBSGKY= root@ubuntu-xenial
ssh-ed25519 AAAAC3NzaC1lZDI1NTE5AAAAIFkOKudbDIvD/Mo4E9qfBM0lOExtFUz+z7B2PX0o5ITu root@ubuntu-xenial
ssh-rsa AAAAB3NzaC1yc2EAAAADAQABAAABAQCigMHwCPnK1JS+4rEidyl2Fyadi8mCe+fSumVUj7gQ3yQYeOROGwwaf+HW5+92ancpxfrS7pxs9qYkBDLmnyjGQC425nm6pjmQSsA2E9ptnef+VV0i9AXDYZECOVw5k+GQh9q/cZOHX1XCKmQFhbN1vKWXs//QbakybSk3dkOs6V01T+onFzt03/tFRODVtifmpexvKukxxwJ5w6DxuyBMtFNvXror0Hubtq9u/PKmHwuXjTuXaFwbDwbz43V3JzhKJVXA8CDn4FnDgYGR6a9BCt021Gs2SkBMuKN27HSFSu3sqRd2jlwf8Ox3j+8G+sUcn7JepACMhaIE+xav8kJ7 root@ubuntu-xenial
-----END SSH HOST KEY KEYS-----
[   63.035057] 
Ubuntu 16.04.5 LTS ubuntu-xenial ttyS0

ubuntu-xenial login: 